# JRE version: Java(TM) SE Runtime Environment (8.0_60-b27) (build 1.8.0_60-b27)
# Java VM: Java HotSpot(TM) 64-Bit Server VM (25.60-b23 mixed mode windows-amd64 compressed oops)
Heap:
 PSYoungGen      total 41472K, used 3995K [0x0000000784600000, 0x0000000787600000, 0x00000007c0000000)
  eden space 39424K, 9% used [0x0000000784600000,0x00000007849cef10,0x0000000786c80000)
  from space 2048K, 4% used [0x0000000787200000,0x0000000787218000,0x0000000787400000)
  to   space 2048K, 0% used [0x0000000787400000,0x0000000787400000,0x0000000787600000)
 ParOldGen       total 122880K, used 1372K [0x000000070d200000, 0x0000000714a00000, 0x0000000784600000)
  object space 122880K, 1% used [0x000000070d200000,0x000000070d357378,0x0000000714a00000)
 Metaspace       used 8658K, capacity 8804K, committed 9088K, reserved 1056768K
  class space    used 1024K, capacity 1096K, committed 1152K, reserved 1048576K
GC Heap History (10 events):
Event: 134.333 GC heap before
{Heap before GC invocations=9 (full 0):
 PSYoungGen      total 42496K, used 42048K [0x0000000784600000, 0x0000000787900000, 0x00000007c0000000)
  eden space 41984K, 100% used [0x0000000784600000,0x0000000786f00000,0x0000000786f00000)
  from space 512K, 12% used [0x0000000787880000,0x0000000787890000,0x0000000787900000)
  to   space 2048K, 0% used [0x0000000787500000,0x0000000787500000,0x0000000787700000)
 ParOldGen       total 122880K, used 1332K [0x000000070d200000, 0x0000000714a00000, 0x0000000784600000)
  object space 122880K, 1% used [0x000000070d200000,0x000000070d34d378,0x0000000714a00000)
 Metaspace       used 8650K, capacity 8794K, committed 9088K, reserved 1056768K
  class space    used 1023K, capacity 1093K, committed 1152K, reserved 1048576K
Event: 134.334 GC heap after
Heap after GC invocations=9 (full 0):
 PSYoungGen      total 43520K, used 96K [0x0000000784600000, 0x0000000787900000, 0x00000007c0000000)
  eden space 41472K, 0% used [0x0000000784600000,0x0000000784600000,0x0000000786e80000)
  from space 2048K, 4% used [0x0000000787500000,0x0000000787518000,0x0000000787700000)
  to   space 2048K, 0% used [0x0000000787700000,0x0000000787700000,0x0000000787900000)
 ParOldGen       total 122880K, used 1332K [0x000000070d200000, 0x0000000714a00000, 0x0000000784600000)
  object space 122880K, 1% used [0x000000070d200000,0x000000070d34d378,0x0000000714a00000)
 Metaspace       used 8650K, capacity 8794K, committed 9088K, reserved 1056768K
  class space    used 1023K, capacity 1093K, committed 1152K, reserved 1048576K
}
Event: 150.271 GC heap before
{Heap before GC invocations=10 (full 0):
 PSYoungGen      total 43520K, used 41568K [0x0000000784600000, 0x0000000787900000, 0x00000007c0000000)
  eden space 41472K, 100% used [0x0000000784600000,0x0000000786e80000,0x0000000786e80000)
  from space 2048K, 4% used [0x0000000787500000,0x0000000787518000,0x0000000787700000)
  to   space 2048K, 0% used [0x0000000787700000,0x0000000787700000,0x0000000787900000)
 ParOldGen       total 122880K, used 1332K [0x000000070d200000, 0x0000000714a00000, 0x0000000784600000)
  object space 122880K, 1% used [0x000000070d200000,0x000000070d34d378,0x0000000714a00000)
 Metaspace       used 8650K, capacity 8794K, committed 9088K, reserved 1056768K
  class space    used 1023K, capacity 1093K, committed 1152K, reserved 1048576K
Event: 150.272 GC heap after
Heap after GC invocations=10 (full 0):
 PSYoungGen      total 41472K, used 64K [0x0000000784600000, 0x0000000787780000, 0x00000007c0000000)
  eden space 40960K, 0% used [0x0000000784600000,0x0000000784600000,0x0000000786e00000)
  from space 512K, 12% used [0x0000000787700000,0x0000000787710000,0x0000000787780000)
  to   space 2048K, 0% used [0x0000000787380000,0x0000000787380000,0x0000000787580000)
 ParOldGen       total 122880K, used 1332K [0x000000070d200000, 0x0000000714a00000, 0x0000000784600000)
  object space 122880K, 1% used [0x000000070d200000,0x000000070d34d378,0x0000000714a00000)
 Metaspace       used 8650K, capacity 8794K, committed 9088K, reserved 1056768K
  class space    used 1023K, capacity 1093K, committed 1152K, reserved 1048576K
}
Event: 163.773 GC heap before
{Heap before GC invocations=11 (full 0):
 PSYoungGen      total 41472K, used 41024K [0x0000000784600000, 0x0000000787780000, 0x00000007c0000000)
  eden space 40960K, 100% used [0x0000000784600000,0x0000000786e00000,0x0000000786e00000)
  from space 512K, 12% used [0x0000000787700000,0x0000000787710000,0x0000000787780000)
  to   space 2048K, 0% used [0x0000000787380000,0x0000000787380000,0x0000000787580000)
 ParOldGen       total 122880K, used 1332K [0x000000070d200000, 0x0000000714a00000, 0x0000000784600000)
  object space 122880K, 1% used [0x000000070d200000,0x000000070d34d378,0x0000000714a00000)
 Metaspace       used 8650K, capacity 8794K, committed 9088K, reserved 1056768K
  class space    used 1023K, capacity 1093K, committed 1152K, reserved 1048576K
Event: 163.774 GC heap after
Heap after GC invocations=11 (full 0):
 PSYoungGen      total 42496K, used 96K [0x0000000784600000, 0x0000000787780000, 0x00000007c0000000)
  eden space 40448K, 0% used [0x0000000784600000,0x0000000784600000,0x0000000786d80000)
  from space 2048K, 4% used [0x0000000787380000,0x0000000787398000,0x0000000787580000)
  to   space 2048K, 0% used [0x0000000787580000,0x0000000787580000,0x0000000787780000)
 ParOldGen       total 122880K, used 1332K [0x000000070d200000, 0x0000000714a00000, 0x0000000784600000)
  object space 122880K, 1% used [0x000000070d200000,0x000000070d34d378,0x0000000714a00000)
 Metaspace       used 8650K, capacity 8794K, committed 9088K, reserved 1056768K
  class space    used 1023K, capacity 1093K, committed 1152K, reserved 1048576K
}
Event: 177.544 GC heap before
{Heap before GC invocations=12 (full 0):
 PSYoungGen      total 42496K, used 40544K [0x0000000784600000, 0x0000000787780000, 0x00000007c0000000)
  eden space 40448K, 100% used [0x0000000784600000,0x0000000786d80000,0x0000000786d80000)
  from space 2048K, 4% used [0x0000000787380000,0x0000000787398000,0x0000000787580000)
  to   space 2048K, 0% used [0x0000000787580000,0x0000000787580000,0x0000000787780000)
 ParOldGen       total 122880K, used 1332K [0x000000070d200000, 0x0000000714a00000, 0x0000000784600000)
  object space 122880K, 1% used [0x000000070d200000,0x000000070d34d378,0x0000000714a00000)
 Metaspace       used 8658K, capacity 8804K, committed 9088K, reserved 1056768K
  class space    used 1024K, capacity 1096K, committed 1152K, reserved 1048576K
Event: 177.546 GC heap after
Heap after GC invocations=12 (full 0):
 PSYoungGen      total 40448K, used 96K [0x0000000784600000, 0x0000000787600000, 0x00000007c0000000)
  eden space 39936K, 0% used [0x0000000784600000,0x0000000784600000,0x0000000786d00000)
  from space 512K, 18% used [0x0000000787580000,0x0000000787598000,0x0000000787600000)
  to   space 2048K, 0% used [0x0000000787200000,0x0000000787200000,0x0000000787400000)
 ParOldGen       total 122880K, used 1332K [0x000000070d200000, 0x0000000714a00000, 0x0000000784600000)
  object space 122880K, 1% used [0x000000070d200000,0x000000070d34d378,0x0000000714a00000)
 Metaspace       used 8658K, capacity 8804K, committed 9088K, reserved 1056768K
  class space    used 1024K, capacity 1096K, committed 1152K, reserved 1048576K
}
Event: 190.860 GC heap before
{Heap before GC invocations=13 (full 0):
 PSYoungGen      total 40448K, used 40032K [0x0000000784600000, 0x0000000787600000, 0x00000007c0000000)
  eden space 39936K, 100% used [0x0000000784600000,0x0000000786d00000,0x0000000786d00000)
  from space 512K, 18% used [0x0000000787580000,0x0000000787598000,0x0000000787600000)
  to   space 2048K, 0% used [0x0000000787200000,0x0000000787200000,0x0000000787400000)
 ParOldGen       total 122880K, used 1332K [0x000000070d200000, 0x0000000714a00000, 0x0000000784600000)
  object space 122880K, 1% used [0x000000070d200000,0x000000070d34d378,0x0000000714a00000)
 Metaspace       used 8658K, capacity 8804K, committed 9088K, reserved 1056768K
  class space    used 1024K, capacity 1096K, committed 1152K, reserved 1048576K
Event: 190.861 GC heap after
Heap after GC invocations=13 (full 0):
 PSYoungGen      total 41472K, used 96K [0x0000000784600000, 0x0000000787600000, 0x00000007c0000000)
  eden space 39424K, 0% used [0x0000000784600000,0x0000000784600000,0x0000000786c80000)
  from space 2048K, 4% used [0x0000000787200000,0x0000000787218000,0x0000000787400000)
  to   space 2048K, 0% used [0x0000000787400000,0x0000000787400000,0x0000000787600000)
 ParOldGen       total 122880K, used 1372K [0x000000070d200000, 0x0000000714a00000, 0x0000000784600000)
  object space 122880K, 1% used [0x000000070d200000,0x000000070d357378,0x0000000714a00000)
 Metaspace       used 8658K, capacity 8804K, committed 9088K, reserved 1056768K
  class space    used 1024K, capacity 1096K, committed 1152K, reserved 1048576K
}

